<?xml version="1.0" encoding="UTF-8"?>
<!-- Generated by org.testng.reporters.JUnitReportReporter -->
<testsuite skipped="1" hostname="DESKTOP-N6UCNFO" name="com.aspire.selenium.TestNG.SkipTestCase" tests="3" failures="0" timestamp="2022-02-26T12:37:03 IST" time="0.014" errors="0">
  <testcase name="m5" time="0.002" classname="com.aspire.selenium.TestNG.SkipTestCase"/>
  <system-out>
    <![CDATA[ 5]]>
  </system-out>
  <testcase name="m2" time="0.012" classname="com.aspire.selenium.TestNG.SkipTestCase"/>
  <system-out>
    <![CDATA[ 2]]>
  </system-out>
  <testcase name="m1" classname="com.aspire.selenium.TestNG.SkipTestCase">
    <skipped/>
  </testcase> <!-- m1 -->
  <system-out/>
</testsuite> <!-- com.aspire.selenium.TestNG.SkipTestCase -->
