<?xml version="1.0" encoding="UTF-8"?>
<!-- Generated by org.testng.reporters.JUnitReportReporter -->
<testsuite skipped="0" hostname="DESKTOP-N6UCNFO" name="com.aspire.selenium.TestNG.AssertClass2" tests="1" failures="0" timestamp="2022-02-26T11:15:41 IST" time="0.016" errors="0">
  <testcase name="Soft_Assert" time="0.016" classname="com.aspire.selenium.TestNG.AssertClass2"/>
  <system-out/>
</testsuite> <!-- com.aspire.selenium.TestNG.AssertClass2 -->
