<?xml version="1.0" encoding="UTF-8"?>
<!-- Generated by org.testng.reporters.JUnitReportReporter -->
<testsuite skipped="0" hostname="DESKTOP-N6UCNFO" name="com.aspire.selenium.FrameWork.PomPageFactoryDataDrivenTestNGBaseUtility1.TestClass" tests="2" failures="0" timestamp="2022-03-10T19:17:48 IST" time="14.957" errors="0">
  <testcase name="InintialVerification" time="12.172" classname="com.aspire.selenium.FrameWork.PomPageFactoryDataDrivenTestNGBaseUtility1.TestClass"/>
  <system-out/>
  <testcase name="LogoVerification" time="2.785" classname="com.aspire.selenium.FrameWork.PomPageFactoryDataDrivenTestNGBaseUtility1.TestClass"/>
  <system-out/>
</testsuite> <!-- com.aspire.selenium.FrameWork.PomPageFactoryDataDrivenTestNGBaseUtility1.TestClass -->
