<?xml version="1.0" encoding="UTF-8"?>
<!-- Generated by org.testng.reporters.JUnitReportReporter -->
<testsuite skipped="0" hostname="DESKTOP-N6UCNFO" name="com.aspire.selenium.Practice.TestClass" tests="1" failures="0" timestamp="2022-03-12T20:04:18 IST" time="0.022" errors="0">
  <testcase name="login" time="0.022" classname="com.aspire.selenium.Practice.TestClass"/>
  <system-out>
    <![CDATA[login]]>
  </system-out>
</testsuite> <!-- com.aspire.selenium.Practice.TestClass -->
