<?xml version="1.0" encoding="UTF-8"?>
<!-- Generated by org.testng.reporters.JUnitReportReporter -->
<testsuite skipped="0" hostname="DESKTOP-N6UCNFO" name="com.aspire.selenium.CompatiblityTest.Browser2" tests="1" failures="0" timestamp="2022-03-03T18:46:24 IST" time="77.149" errors="0">
  <testcase name="ChromeBrowser" time="77.149" classname="com.aspire.selenium.CompatiblityTest.Browser2"/>
  <system-out/>
</testsuite> <!-- com.aspire.selenium.CompatiblityTest.Browser2 -->
