<?xml version="1.0" encoding="UTF-8"?>
<!-- Generated by org.testng.reporters.JUnitReportReporter -->
<testsuite skipped="0" hostname="DESKTOP-N6UCNFO" name="com.aspire.selenium.CompatiblityTest.Browser3" tests="1" failures="0" timestamp="2022-02-28T13:20:04 IST" time="30.802" errors="0">
  <testcase name="FireFoxDriver" time="30.802" classname="com.aspire.selenium.CompatiblityTest.Browser3"/>
  <system-out/>
</testsuite> <!-- com.aspire.selenium.CompatiblityTest.Browser3 -->
