<?xml version="1.0" encoding="UTF-8"?>
<!-- Generated by org.testng.reporters.JUnitReportReporter -->
<testsuite skipped="0" hostname="DESKTOP-N6UCNFO" name="com.aspire.selenium.TestNG.TestNG" tests="2" failures="0" timestamp="2022-02-24T14:48:49 IST" time="0.014" errors="0">
  <testcase name="m1" time="0.012" classname="com.aspire.selenium.TestNG.TestNG"/>
  <system-out>
    <![CDATA[Hii]]>
  </system-out>
  <testcase name="m2" time="0.002" classname="com.aspire.selenium.TestNG.TestNG"/>
  <system-out>
    <![CDATA[Shubham]]>
  </system-out>
</testsuite> <!-- com.aspire.selenium.TestNG.TestNG -->
