<?xml version="1.0" encoding="UTF-8"?>
<!-- Generated by org.testng.reporters.JUnitReportReporter -->
<testsuite skipped="0" hostname="DESKTOP-N6UCNFO" name="com.aspire.selenium.FrameWork.PomPageFactoryDataDrivenTestNG.TestClass" tests="2" failures="0" timestamp="2022-03-08T22:48:10 IST" time="17.426" errors="0">
  <testcase name="verificationOfLogo" time="3.367" classname="com.aspire.selenium.FrameWork.PomPageFactoryDataDrivenTestNG.TestClass"/>
  <system-out/>
  <testcase name="verificationOfInitials" time="14.059" classname="com.aspire.selenium.FrameWork.PomPageFactoryDataDrivenTestNG.TestClass"/>
  <system-out/>
</testsuite> <!-- com.aspire.selenium.FrameWork.PomPageFactoryDataDrivenTestNG.TestClass -->
