<?xml version="1.0" encoding="UTF-8"?>
<!-- Generated by org.testng.reporters.JUnitReportReporter -->
<testsuite skipped="0" hostname="DESKTOP-N6UCNFO" name="com.aspire.selenium.TestNG.Grouping" tests="3" failures="0" timestamp="2022-02-26T12:56:02 IST" time="0.021" errors="0">
  <testcase name="m3" time="0.004" classname="com.aspire.selenium.TestNG.Grouping"/>
  <system-out>
    <![CDATA[ 3]]>
  </system-out>
  <testcase name="m2" time="0.003" classname="com.aspire.selenium.TestNG.Grouping"/>
  <system-out>
    <![CDATA[ 2]]>
  </system-out>
  <testcase name="m1" time="0.014" classname="com.aspire.selenium.TestNG.Grouping"/>
  <system-out>
    <![CDATA[ 1]]>
  </system-out>
</testsuite> <!-- com.aspire.selenium.TestNG.Grouping -->
