<?xml version="1.0" encoding="UTF-8"?>
<!-- Generated by org.testng.reporters.JUnitReportReporter -->
<testsuite skipped="0" hostname="DESKTOP-N6UCNFO" name="com.aspire.selenium.TestNG.FailXml" tests="5" failures="0" timestamp="2022-02-28T11:06:32 IST" time="0.059" errors="0">
  <testcase name="m1" time="0.048" classname="com.aspire.selenium.TestNG.FailXml"/>
  <system-out>
    <![CDATA[ 1]]>
  </system-out>
  <testcase name="m4" time="0.003" classname="com.aspire.selenium.TestNG.FailXml"/>
  <system-out>
    <![CDATA[ 4]]>
  </system-out>
  <testcase name="m2" time="0.004" classname="com.aspire.selenium.TestNG.FailXml"/>
  <system-out>
    <![CDATA[ 2]]>
  </system-out>
  <testcase name="m3" time="0.002" classname="com.aspire.selenium.TestNG.FailXml"/>
  <system-out>
    <![CDATA[ 3]]>
  </system-out>
  <testcase name="m5" time="0.002" classname="com.aspire.selenium.TestNG.FailXml"/>
  <system-out>
    <![CDATA[ 5]]>
  </system-out>
</testsuite> <!-- com.aspire.selenium.TestNG.FailXml -->
