<?xml version="1.0" encoding="UTF-8"?>
<!-- Generated by org.testng.reporters.JUnitReportReporter -->
<testsuite skipped="0" hostname="DESKTOP-N6UCNFO" name="com.aspire.selenium.FrameWork.PomPageFactoryDataDrivenTestNGBaseUtility.TestClass" tests="2" failures="0" timestamp="2022-03-09T13:10:51 IST" time="7.911" errors="0">
  <testcase name="verificationOfInitials" time="6.500" classname="com.aspire.selenium.FrameWork.PomPageFactoryDataDrivenTestNGBaseUtility.TestClass"/>
  <system-out/>
  <testcase name="verificationOfLogo" time="1.411" classname="com.aspire.selenium.FrameWork.PomPageFactoryDataDrivenTestNGBaseUtility.TestClass"/>
  <system-out/>
</testsuite> <!-- com.aspire.selenium.FrameWork.PomPageFactoryDataDrivenTestNGBaseUtility.TestClass -->
