<?xml version="1.0" encoding="UTF-8"?>
<!-- Generated by org.testng.reporters.JUnitReportReporter -->
<testsuite skipped="0" hostname="DESKTOP-N6UCNFO" name="com.aspire.selenium.TestNG.Annotation1" tests="1" failures="0" timestamp="2022-02-25T11:05:37 IST" time="0.010" errors="0">
  <testcase name="m7" time="0.010" classname="com.aspire.selenium.TestNG.Annotation1"/>
  <system-out>
    <![CDATA[ 7]]>
  </system-out>
</testsuite> <!-- com.aspire.selenium.TestNG.Annotation1 -->
