<?xml version="1.0" encoding="UTF-8"?>
<!-- Generated by org.testng.reporters.JUnitReportReporter -->
<testsuite skipped="0" hostname="DESKTOP-N6UCNFO" name="com.aspire.selenium.CompatiblityTest.Browser3" tests="1" failures="0" timestamp="2022-03-03T18:49:01 IST" time="91.737" errors="0">
  <testcase name="FireFoxDriver" time="91.737" classname="com.aspire.selenium.CompatiblityTest.Browser3"/>
  <system-out/>
</testsuite> <!-- com.aspire.selenium.CompatiblityTest.Browser3 -->
