<?xml version="1.0" encoding="UTF-8"?>
<!-- Generated by org.testng.reporters.JUnitReportReporter -->
<testsuite skipped="0" hostname="DESKTOP-N6UCNFO" name="com.aspire.selenium.CompatiblityTest.Browser1" tests="1" failures="0" timestamp="2022-03-03T18:50:14 IST" time="54.949" errors="0">
  <testcase name="EdgeBrowser" time="54.949" classname="com.aspire.selenium.CompatiblityTest.Browser1"/>
  <system-out/>
</testsuite> <!-- com.aspire.selenium.CompatiblityTest.Browser1 -->
